<?xml version="1.0" encoding="UTF-8"?>
<!-- Generated by org.testng.reporters.JUnitReportReporter -->
<testsuite skipped="0" hostname="DESKTOP-BLJ99G1" name="com.leafBot.testcases.TC001_LoginLogOut" tests="1" failures="0" timestamp="08 Feb 2020 10:00:27 GMT" time="26.386" errors="0">
  <testcase name="createLeaf" time="26.386" classname="com.leafBot.testcases.TC001_LoginLogOut"/>
</testsuite> <!-- com.leafBot.testcases.TC001_LoginLogOut -->
